[0m19:58:31.523819 [debug] [MainThread]: Sending event: {'category': 'dbt', 'action': 'invocation', 'label': 'start', 'context': [<snowplow_tracker.self_describing_json.SelfDescribingJson object at 0x000001E4E52F6BA0>, <snowplow_tracker.self_describing_json.SelfDescribingJson object at 0x000001E4E4F97250>, <snowplow_tracker.self_describing_json.SelfDescribingJson object at 0x000001E4E7D6C190>]}


============================== 19:58:31.529353 | 121309b1-38bb-4b45-b078-3b1d0f533d5a ==============================
[0m19:58:31.529353 [info ] [MainThread]: Running with dbt=1.8.7
[0m19:58:31.530264 [debug] [MainThread]: running dbt with arguments {'printer_width': '80', 'indirect_selection': 'eager', 'log_cache_events': 'False', 'write_json': 'True', 'partial_parse': 'True', 'cache_selected_only': 'False', 'profiles_dir': 'g:\\financial_data_pipeline_docker\\dbt', 'version_check': 'True', 'fail_fast': 'False', 'log_path': 'g:\\financial_data_pipeline_docker\\dbt\\logs', 'debug': 'False', 'warn_error': 'None', 'use_colors': 'True', 'use_experimental_parser': 'False', 'no_print': 'None', 'quiet': 'False', 'empty': 'None', 'warn_error_options': 'WarnErrorOptions(include=[], exclude=[])', 'introspect': 'True', 'static_parser': 'True', 'invocation_command': 'dbt ', 'target_path': 'None', 'log_format': 'default', 'send_anonymous_usage_stats': 'True'}
[0m19:58:31.843459 [debug] [MainThread]: Sending event: {'category': 'dbt', 'action': 'project_id', 'label': '121309b1-38bb-4b45-b078-3b1d0f533d5a', 'context': [<snowplow_tracker.self_describing_json.SelfDescribingJson object at 0x000001E4E6C1F5C0>]}
[0m19:58:31.884597 [info ] [MainThread]: Warning: No packages were found in packages.yml
[0m19:58:31.886132 [info ] [MainThread]: Warning: No packages were found in packages.yml
[0m19:58:31.890464 [debug] [MainThread]: Command `cli deps` succeeded at 19:58:31.890205 after 0.59 seconds
[0m19:58:31.891085 [debug] [MainThread]: Sending event: {'category': 'dbt', 'action': 'invocation', 'label': 'end', 'context': [<snowplow_tracker.self_describing_json.SelfDescribingJson object at 0x000001E4E7D17020>, <snowplow_tracker.self_describing_json.SelfDescribingJson object at 0x000001E4E7FADF20>, <snowplow_tracker.self_describing_json.SelfDescribingJson object at 0x000001E4E7D61850>]}
[0m19:58:31.891681 [debug] [MainThread]: Flushing usage events
[0m13:35:51.535815 [debug] [MainThread]: Sending event: {'category': 'dbt', 'action': 'invocation', 'label': 'start', 'context': [<snowplow_tracker.self_describing_json.SelfDescribingJson object at 0x0000027E1BF02BA0>, <snowplow_tracker.self_describing_json.SelfDescribingJson object at 0x0000027E1BBA7250>, <snowplow_tracker.self_describing_json.SelfDescribingJson object at 0x0000027E1E96C190>]}


============================== 13:35:51.578185 | 27bb38ed-10d4-4d9d-aef3-17e8125acefa ==============================
[0m13:35:51.578185 [info ] [MainThread]: Running with dbt=1.8.7
[0m13:35:51.579551 [debug] [MainThread]: running dbt with arguments {'printer_width': '80', 'indirect_selection': 'eager', 'log_cache_events': 'False', 'write_json': 'True', 'partial_parse': 'True', 'cache_selected_only': 'False', 'warn_error': 'None', 'fail_fast': 'False', 'debug': 'False', 'log_path': 'g:\\financial_data_pipeline_docker\\dbt\\logs', 'version_check': 'True', 'profiles_dir': 'g:\\financial_data_pipeline_docker\\dbt', 'use_colors': 'True', 'use_experimental_parser': 'False', 'empty': 'None', 'quiet': 'False', 'no_print': 'None', 'warn_error_options': 'WarnErrorOptions(include=[], exclude=[])', 'static_parser': 'True', 'invocation_command': 'dbt ', 'introspect': 'True', 'target_path': 'None', 'log_format': 'default', 'send_anonymous_usage_stats': 'True'}
[0m13:35:52.066678 [debug] [MainThread]: Sending event: {'category': 'dbt', 'action': 'project_id', 'label': '27bb38ed-10d4-4d9d-aef3-17e8125acefa', 'context': [<snowplow_tracker.self_describing_json.SelfDescribingJson object at 0x0000027E1D82B5C0>]}
[0m13:35:52.113180 [info ] [MainThread]: Warning: No packages were found in packages.yml
[0m13:35:52.181886 [info ] [MainThread]: Warning: No packages were found in packages.yml
[0m13:35:52.216180 [debug] [MainThread]: Command `cli deps` succeeded at 13:35:52.215852 after 1.15 seconds
[0m13:35:52.217282 [debug] [MainThread]: Sending event: {'category': 'dbt', 'action': 'invocation', 'label': 'end', 'context': [<snowplow_tracker.self_describing_json.SelfDescribingJson object at 0x0000027E1E917020>, <snowplow_tracker.self_describing_json.SelfDescribingJson object at 0x0000027E1EBA9F20>, <snowplow_tracker.self_describing_json.SelfDescribingJson object at 0x0000027E1E961850>]}
[0m13:35:52.217970 [debug] [MainThread]: Flushing usage events
[0m12:08:18.552695 [debug] [MainThread]: Sending event: {'category': 'dbt', 'action': 'invocation', 'label': 'start', 'context': [<snowplow_tracker.self_describing_json.SelfDescribingJson object at 0x000001B214F96BA0>, <snowplow_tracker.self_describing_json.SelfDescribingJson object at 0x000001B214C33250>, <snowplow_tracker.self_describing_json.SelfDescribingJson object at 0x000001B217A0C190>]}


============================== 12:08:18.657889 | 11159e4c-9fc4-43ac-a92f-a8c295d17240 ==============================
[0m12:08:18.657889 [info ] [MainThread]: Running with dbt=1.8.7
[0m12:08:18.687667 [debug] [MainThread]: running dbt with arguments {'printer_width': '80', 'indirect_selection': 'eager', 'log_cache_events': 'False', 'write_json': 'True', 'partial_parse': 'True', 'cache_selected_only': 'False', 'warn_error': 'None', 'debug': 'False', 'profiles_dir': 'g:\\financial_data_pipeline_docker\\dbt', 'log_path': 'g:\\financial_data_pipeline_docker\\dbt\\logs', 'version_check': 'True', 'fail_fast': 'False', 'use_colors': 'True', 'use_experimental_parser': 'False', 'no_print': 'None', 'quiet': 'False', 'empty': 'None', 'warn_error_options': 'WarnErrorOptions(include=[], exclude=[])', 'invocation_command': 'dbt ', 'introspect': 'True', 'log_format': 'default', 'target_path': 'None', 'static_parser': 'True', 'send_anonymous_usage_stats': 'True'}
[0m12:08:19.723880 [debug] [MainThread]: Sending event: {'category': 'dbt', 'action': 'project_id', 'label': '11159e4c-9fc4-43ac-a92f-a8c295d17240', 'context': [<snowplow_tracker.self_describing_json.SelfDescribingJson object at 0x000001B2168BB5C0>]}
[0m12:08:19.770446 [info ] [MainThread]: Warning: No packages were found in packages.yml
[0m12:08:19.793972 [info ] [MainThread]: Warning: No packages were found in packages.yml
[0m12:08:19.797747 [debug] [MainThread]: Command `cli deps` succeeded at 12:08:19.797462 after 1.46 seconds
[0m12:08:19.798519 [debug] [MainThread]: Sending event: {'category': 'dbt', 'action': 'invocation', 'label': 'end', 'context': [<snowplow_tracker.self_describing_json.SelfDescribingJson object at 0x000001B2179B7020>, <snowplow_tracker.self_describing_json.SelfDescribingJson object at 0x000001B217C4DF20>, <snowplow_tracker.self_describing_json.SelfDescribingJson object at 0x000001B217A01850>]}
[0m12:08:19.799244 [debug] [MainThread]: Flushing usage events
